<?xml version="1.0" encoding="UTF-8" ?>
<testsuite tests="4" failures="0" name="com.basic.FirstFeatureFile.RunMyFirstFeatureTest" time="0.002" errors="0" skipped="0">
  <properties>
[...]
</properties>
  <testcase classname="Scenario: Validate First Name field41" name="Given User need to be on Facebook login page" time="0"/>
  <testcase classname="Scenario: Validate First Name field41" name="When User enters user first name" time="0"/>
  <testcase classname="Scenario: Validate First Name field41" name="Then User checks user first name is present" time="0"/>
  <testcase classname="Scenario: Validate First Name field41" name="Scenario: Validate First Name field41" time="0.002"/>
</testsuite>